<?xml version="1.0" encoding="UTF-8"?>
<!-- Generated by org.testng.reporters.JUnitReportReporter -->
<testsuite hostname="DESKTOP-M9BLJAP" failures="0" tests="4" name="SwagLabsTest" time="4.563" errors="0" timestamp="2024-06-12T22:01:32 EET" skipped="1">
  <testcase classname="SwagLabsTest" name="logIn" time="2.382"/>
  <system-out/>
  <testcase classname="SwagLabsTest" name="verifyTitle" time="0.263"/>
  <system-out/>
  <testcase classname="SwagLabsTest" name="highToLow" time="1.918"/>
  <system-out/>
  <testcase classname="SwagLabsTest" name="lowToHigh">
    <skipped/>
  </testcase> <!-- lowToHigh -->
  <system-out/>
</testsuite> <!-- SwagLabsTest -->
