<?xml version="1.0" encoding="UTF-8"?>
<!-- Generated by org.testng.reporters.JUnitReportReporter -->
<testsuite hostname="DESKTOP-M9BLJAP" failures="0" tests="4" name="SwagLabsTest" time="3.554" errors="0" timestamp="2024-06-22T20:04:30 EET" skipped="1">
  <testcase classname="SwagLabsTest" name="logIn" time="1.019"/>
  <system-out/>
  <testcase classname="SwagLabsTest" name="verifyTitle" time="0.153"/>
  <system-out/>
  <testcase classname="SwagLabsTest" name="highToLow" time="2.382"/>
  <system-out/>
  <testcase classname="SwagLabsTest" name="lowToHigh">
    <skipped/>
  </testcase> <!-- lowToHigh -->
  <system-out/>
</testsuite> <!-- SwagLabsTest -->
